[    0.000000] Initializing cgroup subsys cpuset
[    0.000000] Initializing cgroup subsys cpu
[    0.000000] Initializing cgroup subsys cpuacct
[    0.000000] Linux version 4.4.0-75-generic (buildd@lgw01-21) (gcc version 5.4.0 20160609 (Ubuntu 5.4.0-6ubuntu1~16.04.4) ) #96-Ubuntu SMP Thu Apr 20 09:56:33 UTC 2017 (Ubuntu 4.4.0-75.96-generic 4.4.59)
[    0.000000] Command line: BOOT_IMAGE=/boot/vmlinuz-4.4.0-75-generic root=LABEL=cloudimg-rootfs ro console=tty1 console=ttyS0
[    0.000000] KERNEL supported cpus:
[    0.000000]   Intel GenuineIntel
[    0.000000]   AMD AuthenticAMD
[    0.000000]   Centaur CentaurHauls
[    0.000000] x86/fpu: xstate_offset[2]:  576, xstate_sizes[2]:  256
[    0.000000] x86/fpu: Supporting XSAVE feature 0x01: 'x87 floating point registers'
[    0.000000] x86/fpu: Supporting XSAVE feature 0x02: 'SSE registers'
[    0.000000] x86/fpu: Supporting XSAVE feature 0x04: 'AVX registers'
[    0.000000] x86/fpu: Enabled xstate features 0x7, context size is 832 bytes, using 'standard' format.
[    0.000000] x86/fpu: Using 'lazy' FPU context switches.
[    0.000000] e820: BIOS-provided physical RAM map:
[    0.000000] BIOS-e820: [mem 0x0000000000000000-0x000000000009fbff] usable
[    0.000000] BIOS-e820: [mem 0x000000000009fc00-0x000000000009ffff] reserved
[    0.000000] BIOS-e820: [mem 0x00000000000f0000-0x00000000000fffff] reserved
[    0.000000] BIOS-e820: [mem 0x0000000000100000-0x00000000bffeffff] usable
[    0.000000] BIOS-e820: [mem 0x00000000bfff0000-0x00000000bfffffff] ACPI data
[    0.000000] BIOS-e820: [mem 0x00000000fec00000-0x00000000fec00fff] reserved
[    0.000000] BIOS-e820: [mem 0x00000000fee00000-0x00000000fee00fff] reserved
[    0.000000] BIOS-e820: [mem 0x00000000fffc0000-0x00000000ffffffff] reserved
[    0.000000] NX (Execute Disable) protection: active
[    0.000000] SMBIOS 2.5 present.
[    0.000000] Hypervisor detected: KVM
[    0.000000] e820: last_pfn = 0xbfff0 max_arch_pfn = 0x400000000
[    0.000000] MTRR: Disabled
[    0.000000] x86/PAT: MTRRs disabled, skipping PAT initialization too.
[    0.000000] x86/PAT: Configuration [0-7]: WB  WT  UC- UC  WB  WT  UC- UC  
[    0.000000] CPU MTRRs all blank - virtualized system.
[    0.000000] found SMP MP-table at [mem 0x0009fff0-0x0009ffff] mapped at [ffff88000009fff0]
[    0.000000] Scanning 1 areas for low memory corruption
[    0.000000] RAMDISK: [mem 0x36aea000-0x3756cfff]
[    0.000000] ACPI: Early table checksum verification disabled
[    0.000000] ACPI: RSDP 0x00000000000E0000 000024 (v02 VBOX  )
[    0.000000] ACPI: XSDT 0x00000000BFFF0030 00003C (v01 VBOX   VBOXXSDT 00000001 ASL  00000061)
[    0.000000] ACPI: FACP 0x00000000BFFF00F0 0000F4 (v04 VBOX   VBOXFACP 00000001 ASL  00000061)
[    0.000000] ACPI: DSDT 0x00000000BFFF0470 0021C8 (v02 VBOX   VBOXBIOS 00000002 INTL 20100528)
[    0.000000] ACPI: FACS 0x00000000BFFF0200 000040
[    0.000000] ACPI: FACS 0x00000000BFFF0200 000040
[    0.000000] ACPI: APIC 0x00000000BFFF0240 00005C (v02 VBOX   VBOXAPIC 00000001 ASL  00000061)
[    0.000000] ACPI: SSDT 0x00000000BFFF02A0 0001CC (v01 VBOX   VBOXCPUT 00000002 INTL 20100528)
[    0.000000] No NUMA configuration found
[    0.000000] Faking a node at [mem 0x0000000000000000-0x00000000bffeffff]
[    0.000000] NODE_DATA(0) allocated [mem 0xbffeb000-0xbffeffff]
[    0.000000] kvm-clock: Using msrs 4b564d01 and 4b564d00
[    0.000000] kvm-clock: cpu 0, msr 0:bffe3001, primary cpu clock
[    0.000000] kvm-clock: using sched offset of 3873107118 cycles
[    0.000000] clocksource: kvm-clock: mask: 0xffffffffffffffff max_cycles: 0x1cd42e4dffb, max_idle_ns: 881590591483 ns
[    0.000000] Zone ranges:
[    0.000000]   DMA      [mem 0x0000000000001000-0x0000000000ffffff]
[    0.000000]   DMA32    [mem 0x0000000001000000-0x00000000bffeffff]
[    0.000000]   Normal   empty
[    0.000000]   Device   empty
[    0.000000] Movable zone start for each node
[    0.000000] Early memory node ranges
[    0.000000]   node   0: [mem 0x0000000000001000-0x000000000009efff]
[    0.000000]   node   0: [mem 0x0000000000100000-0x00000000bffeffff]
[    0.000000] Initmem setup node 0 [mem 0x0000000000001000-0x00000000bffeffff]
[    0.000000] ACPI: PM-Timer IO Port: 0x4008
[    0.000000] IOAPIC[0]: apic_id 2, version 32, address 0xfec00000, GSI 0-23
[    0.000000] ACPI: INT_SRC_OVR (bus 0 bus_irq 0 global_irq 2 dfl dfl)
[    0.000000] ACPI: INT_SRC_OVR (bus 0 bus_irq 9 global_irq 9 high level)
[    0.000000] Using ACPI (MADT) for SMP configuration information
[    0.000000] smpboot: Allowing 2 CPUs, 0 hotplug CPUs
[    0.000000] PM: Registered nosave memory: [mem 0x00000000-0x00000fff]
[    0.000000] PM: Registered nosave memory: [mem 0x0009f000-0x0009ffff]
[    0.000000] PM: Registered nosave memory: [mem 0x000a0000-0x000effff]
[    0.000000] PM: Registered nosave memory: [mem 0x000f0000-0x000fffff]
[    0.000000] e820: [mem 0xc0000000-0xfebfffff] available for PCI devices
[    0.000000] Booting paravirtualized kernel on KVM
[    0.000000] clocksource: refined-jiffies: mask: 0xffffffff max_cycles: 0xffffffff, max_idle_ns: 7645519600211568 ns
[    0.000000] setup_percpu: NR_CPUS:512 nr_cpumask_bits:512 nr_cpu_ids:2 nr_node_ids:1
[    0.000000] PERCPU: Embedded 33 pages/cpu @ffff8800bfa00000 s98264 r8192 d28712 u1048576
[    0.000000] PV qspinlock hash table entries: 256 (order: 0, 4096 bytes)
[    0.000000] Built 1 zonelists in Node order, mobility grouping on.  Total pages: 774009
[    0.000000] Policy zone: DMA32
[    0.000000] Kernel command line: BOOT_IMAGE=/boot/vmlinuz-4.4.0-75-generic root=LABEL=cloudimg-rootfs ro console=tty1 console=ttyS0
[    0.000000] PID hash table entries: 4096 (order: 3, 32768 bytes)
[    0.000000] Memory: 3066204K/3145272K available (8449K kernel code, 1294K rwdata, 3980K rodata, 1484K init, 1316K bss, 79068K reserved, 0K cma-reserved)
[    0.000000] SLUB: HWalign=64, Order=0-3, MinObjects=0, CPUs=2, Nodes=1
[    0.000000] Hierarchical RCU implementation.
[    0.000000] 	Build-time adjustment of leaf fanout to 64.
[    0.000000] 	RCU restricting CPUs from NR_CPUS=512 to nr_cpu_ids=2.
[    0.000000] RCU: Adjusting geometry for rcu_fanout_leaf=64, nr_cpu_ids=2
[    0.000000] NR_IRQS:33024 nr_irqs:440 16
[    0.000000] Console: colour VGA+ 80x25
[    0.000000] console [tty1] enabled
[    0.000000] console [ttyS0] enabled
[    0.000000] tsc: Detected 2591.998 MHz processor
[   13.182972] Calibrating delay loop (skipped) preset value.. 5183.99 BogoMIPS (lpj=10367992)
[   13.252584] pid_max: default: 32768 minimum: 301
[   13.338778] ACPI: Core revision 20150930
[   13.431058] ACPI: 2 ACPI AML tables successfully acquired and loaded
[   13.442602] Security Framework initialized
[   13.443504] Yama: becoming mindful.
[   13.444338] AppArmor: AppArmor initialized
[   13.517782] Dentry cache hash table entries: 524288 (order: 10, 4194304 bytes)
[   13.646262] Inode-cache hash table entries: 262144 (order: 9, 2097152 bytes)
[   13.712431] Mount-cache hash table entries: 8192 (order: 4, 65536 bytes)
[   13.846940] Mountpoint-cache hash table entries: 8192 (order: 4, 65536 bytes)
[   13.990184] Initializing cgroup subsys io
[   14.071230] Initializing cgroup subsys memory
[   14.164395] Initializing cgroup subsys devices
[   14.257589] Initializing cgroup subsys freezer
[   14.341113] Initializing cgroup subsys net_cls
[   14.449161] Initializing cgroup subsys perf_event
[   14.558915] Initializing cgroup subsys net_prio
[   14.643188] Initializing cgroup subsys hugetlb
[   14.731890] Initializing cgroup subsys pids
[   14.779617] CPU: Physical Processor ID: 0
[   14.813491] CPU: Processor Core ID: 0
[   14.888834] mce: CPU supports 0 MCE banks
[   14.979019] Last level iTLB entries: 4KB 64, 2MB 8, 4MB 8
[   15.103428] Last level dTLB entries: 4KB 64, 2MB 0, 4MB 0, 1GB 4
[   15.219545] Freeing SMP alternatives memory: 32K (ffffffff820b8000 - ffffffff820c0000)
[   15.399970] ftrace: allocating 32117 entries in 126 pages
[   15.547305] smpboot: APIC(0) Converting physical 0 to logical package 0
[   15.697862] smpboot: Max logical packages: 1
[   15.790273] x2apic enabled
[   15.834861] Switched APIC routing to physical x2apic.
[   15.900088] ..TIMER: vector=0x30 apic1=0 pin1=2 apic2=-1 pin2=-1
[   16.142666] smpboot: CPU0: Intel(R) Core(TM) i7-6700HQ CPU @ 2.60GHz (family: 0x6, model: 0x5e, stepping: 0x3)
[   16.391072] Performance Events: unsupported p6 CPU model 94 no PMU driver, software events only.
[   16.600168] KVM setup paravirtual spinlock
[   16.711165] x86: Booting SMP configuration:
[   16.828608] .... node  #0, CPUs:      #1
[   16.926571] kvm-clock: cpu 1, msr 0:bffe3041, secondary cpu clock
[   16.952949] mce: CPU supports 0 MCE banks
[   16.963260] x86: Booted up 1 node, 2 CPUs
[   16.991878] smpboot: Total of 2 processors activated (10367.99 BogoMIPS)
[   17.150292] devtmpfs: initialized
[   17.228604] evm: security.selinux
[   17.310255] evm: security.SMACK64
[   17.387489] evm: security.SMACK64EXEC
[   17.480691] evm: security.SMACK64TRANSMUTE
[   17.580741] evm: security.SMACK64MMAP
[   17.668366] evm: security.ima
[   17.737052] evm: security.capability
[   17.819420] clocksource: jiffies: mask: 0xffffffff max_cycles: 0xffffffff, max_idle_ns: 7645041785100000 ns
[   18.039175] futex hash table entries: 512 (order: 3, 32768 bytes)
[   18.082442] pinctrl core: initialized pinctrl subsystem
[   18.216086] RTC time:  6:51:59, date: 05/03/17
[   18.334391] NET: Registered protocol family 16
[   18.447313] cpuidle: using governor ladder
[   18.555220] cpuidle: using governor menu
[   18.646697] PCCT header not found.
[   18.720253] ACPI: bus type PCI registered
[   18.816736] acpiphp: ACPI Hot Plug PCI Controller Driver version: 0.5
[   18.950253] PCI: Using configuration type 1 for base access
[   19.080879] ACPI: Added _OSI(Module Device)
[   19.135736] ACPI: Added _OSI(Processor Device)
[   19.185204] ACPI: Added _OSI(3.0 _SCP Extensions)
[   19.319924] ACPI: Added _OSI(Processor Aggregator Device)
[   19.463705] ACPI: Executed 1 blocks of module-level executable AML code
[   19.634407] ACPI: Interpreter enabled
[   19.705259] ACPI: (supports S0 S5)
[   19.797338] ACPI: Using IOAPIC for interrupt routing
[   19.883809] PCI: Using host bridge windows from ACPI; if necessary, use "pci=nocrs" and report a bug
[   20.062846] ACPI: PCI Root Bridge [PCI0] (domain 0000 [bus 00-ff])
[   20.183976] acpi PNP0A03:00: _OSC: OS supports [ASPM ClockPM Segments MSI]
[   20.236836] acpi PNP0A03:00: _OSC failed (AE_NOT_FOUND); disabling ASPM
[   20.317781] acpi PNP0A03:00: fail to add MMCONFIG information, can't access extended PCI configuration space under this bridge.
[   20.610766] PCI host bridge to bus 0000:00
[   20.714885] pci_bus 0000:00: root bus resource [io  0x0000-0x0cf7 window]
[   20.868663] pci_bus 0000:00: root bus resource [io  0x0d00-0xffff window]
[   20.991734] pci_bus 0000:00: root bus resource [mem 0x000a0000-0x000bffff window]
[   21.148588] pci_bus 0000:00: root bus resource [mem 0xc0000000-0xffdfffff window]
[   21.288313] pci_bus 0000:00: root bus resource [bus 00-ff]
[   21.317498] pci 0000:00:01.1: legacy IDE quirk: reg 0x10: [io  0x01f0-0x01f7]
[   21.401925] pci 0000:00:01.1: legacy IDE quirk: reg 0x14: [io  0x03f6]
[   21.559834] pci 0000:00:01.1: legacy IDE quirk: reg 0x18: [io  0x0170-0x0177]
[   21.749229] pci 0000:00:01.1: legacy IDE quirk: reg 0x1c: [io  0x0376]
[   21.934400] pci 0000:00:07.0: quirk: [io  0x4000-0x403f] claimed by PIIX4 ACPI
[   22.059703] pci 0000:00:07.0: quirk: [io  0x4100-0x410f] claimed by PIIX4 SMB
[   22.168762] ACPI: PCI Interrupt Link [LNKA] (IRQs 5 9 10 *11)
[   22.287121] ACPI: PCI Interrupt Link [LNKB] (IRQs 5 9 10 *11)
[   22.392471] ACPI: PCI Interrupt Link [LNKC] (IRQs 5 9 *10 11)
[   22.427801] ACPI: PCI Interrupt Link [LNKD] (IRQs 5 *9 10 11)
[   22.429245] ACPI: Enabled 2 GPEs in block 00 to 07
[   22.430455] vgaarb: setting as boot device: PCI:0000:00:02.0
[   22.552135] vgaarb: device added: PCI:0000:00:02.0,decodes=io+mem,owns=io+mem,locks=none
[   22.758644] vgaarb: loaded
[   22.828559] vgaarb: bridge control possible 0000:00:02.0
[   22.969821] SCSI subsystem initialized
[   23.060171] ACPI: bus type USB registered
[   23.144482] usbcore: registered new interface driver usbfs
[   23.145809] usbcore: registered new interface driver hub
[   23.150660] usbcore: registered new device driver usb
[   23.258809] PCI: Using ACPI for IRQ routing
[   23.351637] NetLabel: Initializing
[   23.426610] NetLabel:  domain hash size = 128
[   23.496152] NetLabel:  protocols = UNLABELED CIPSOv4
[   23.586907] NetLabel:  unlabeled traffic allowed by default
[   23.744952] amd_nb: Cannot enumerate AMD northbridges
[   23.877877] clocksource: Switched to clocksource kvm-clock
[   23.963814] AppArmor: AppArmor Filesystem Enabled
[   24.078981] pnp: PnP ACPI init
[   24.164913] pnp: PnP ACPI: found 3 devices
[   24.291466] clocksource: acpi_pm: mask: 0xffffff max_cycles: 0xffffff, max_idle_ns: 2085701024 ns
[   24.553395] NET: Registered protocol family 2
[   24.646445] TCP established hash table entries: 32768 (order: 6, 262144 bytes)
[   24.850949] TCP bind hash table entries: 32768 (order: 7, 524288 bytes)
[   25.028512] TCP: Hash tables configured (established 32768 bind 32768)
[   25.198597] UDP hash table entries: 2048 (order: 4, 65536 bytes)
[   25.372858] UDP-Lite hash table entries: 2048 (order: 4, 65536 bytes)
[   25.558940] NET: Registered protocol family 1
[   25.673790] pci 0000:00:00.0: Limiting direct PCI/PCI transfers
[   25.853138] pci 0000:00:01.0: Activating ISA DMA hang workarounds
[   26.029412] Unpacking initramfs...
[   27.800192] Freeing initrd memory: 10764K (ffff880036aea000 - ffff88003756d000)
[   27.948771] platform rtc_cmos: registered platform RTC device (no PNP device found)
[   28.158188] Scanning for low memory corruption every 60 seconds
[   28.333477] audit: initializing netlink subsys (disabled)
[   28.454542] audit: type=2000 audit(1493794312.047:1): initialized
[   28.571090] Initialise system trusted keyring
[   28.665854] HugeTLB registered 2 MB page size, pre-allocated 0 pages
[   28.860293] zbud: loaded
[   28.919907] VFS: Disk quotas dquot_6.6.0
[   28.966223] tsc: Refined TSC clocksource calibration: 2591.444 MHz
[   29.112047] clocksource: tsc: mask: 0xffffffffffffffff max_cycles: 0x255aa9bb8fa, max_idle_ns: 440795312398 ns
[   29.112157] VFS: Dquot-cache hash table entries: 512 (order 0, 4096 bytes)
[   29.112376] squashfs: version 4.0 (2009/01/31) Phillip Lougher
[   29.112582] fuse init (API version 7.23)
[   29.112677] Key type big_key registered
[   29.112692] Allocating IMA MOK and blacklist keyrings.
[   29.112850] Key type asymmetric registered
[   29.112854] Asymmetric key parser 'x509' registered
[   29.112882] Block layer SCSI generic (bsg) driver version 0.4 loaded (major 249)
[   29.112905] io scheduler noop registered
[   29.112907] io scheduler deadline registered (default)
[   29.112929] io scheduler cfq registered
[   29.113016] pci_hotplug: PCI Hot Plug PCI Core version: 0.5
[   29.113021] pciehp: PCI Express Hot Plug Controller Driver version: 0.4
[   29.113359] ACPI: AC Adapter [AC] (on-line)
[   29.113404] input: Power Button as /devices/LNXSYSTM:00/LNXPWRBN:00/input/input0
[   29.113406] ACPI: Power Button [PWRF]
[   29.113468] input: Sleep Button as /devices/LNXSYSTM:00/LNXSLPBN:00/input/input1
[   29.113469] ACPI: Sleep Button [SLPF]
[   29.113588] GHES: HEST is not enabled!
[   29.114417] ACPI: Battery Slot [BAT0] (battery present)
[   29.114452] Serial: 8250/16550 driver, 32 ports, IRQ sharing enabled
[   29.435435] 00:02: ttyS0 at I/O 0x3f8 (irq = 4, base_baud = 115200) is a 16550A
[   29.635360] Linux agpgart interface v0.103
[   29.811147] loop: module loaded
[   29.811594] scsi host0: ata_piix
[   29.811640] scsi host1: ata_piix
[   29.811665] ata1: PATA max UDMA/33 cmd 0x1f0 ctl 0x3f6 bmdma 0xd000 irq 14
[   29.811666] ata2: PATA max UDMA/33 cmd 0x170 ctl 0x376 bmdma 0xd008 irq 15
[   29.811728] libphy: Fixed MDIO Bus: probed
[   29.811730] tun: Universal TUN/TAP device driver, 1.6
[   29.811730] tun: (C) 1999-2004 Max Krasnyansky <maxk@qualcomm.com>
[   29.812001] PPP generic driver version 2.4.2
[   29.812049] ehci_hcd: USB 2.0 'Enhanced' Host Controller (EHCI) Driver
[   29.812053] ehci-pci: EHCI PCI platform driver
[   29.812066] ehci-platform: EHCI generic platform driver
[   29.812073] ohci_hcd: USB 1.1 'Open' Host Controller (OHCI) Driver
[   29.812076] ohci-pci: OHCI PCI platform driver
[   29.812082] ohci-platform: OHCI generic platform driver
[   29.812089] uhci_hcd: USB Universal Host Controller Interface driver
[   29.812137] i8042: PNP: PS/2 Controller [PNP0303:PS2K,PNP0f03:PS2M] at 0x60,0x64 irq 1,12
[   29.882823] serio: i8042 KBD port at 0x60,0x64 irq 1
[   29.882829] serio: i8042 AUX port at 0x60,0x64 irq 12
[   29.882957] mousedev: PS/2 mouse device common for all mice
[   29.883234] rtc_cmos rtc_cmos: rtc core: registered rtc_cmos as rtc0
[   29.883284] rtc_cmos rtc_cmos: alarms up to one day, 114 bytes nvram
[   29.883290] i2c /dev entries driver
[   29.883340] device-mapper: uevent: version 1.0.3
[   29.883386] device-mapper: ioctl: 4.34.0-ioctl (2015-10-28) initialised: dm-devel@redhat.com
[   29.883407] ledtrig-cpu: registered to indicate activity on CPUs
[   29.883638] NET: Registered protocol family 10
[   29.883764] NET: Registered protocol family 17
[   29.883776] Key type dns_resolver registered
[   29.997678] microcode: CPU0 sig=0x506e3, pf=0x2, revision=0x0
[   29.997740] microcode: CPU1 sig=0x506e3, pf=0x2, revision=0x0
[   29.997798] microcode: Microcode Update Driver: v2.01 <tigran@aivazian.fsnet.co.uk>, Peter Oruba
[   29.997909] registered taskstats version 1
[   29.997922] Loading compiled-in X.509 certificates
[   29.998596] Loaded X.509 cert 'Build time autogenerated kernel key: c2fea74804032151001b764dbf9eab8df960fa59'
[   29.998617] zswap: loaded using pool lzo/zbud
[   29.999746] Key type trusted registered
[   30.001832] Key type encrypted registered
[   30.001838] AppArmor: AppArmor sha1 policy hashing enabled
[   30.001840] ima: No TPM chip found, activating TPM-bypass!
[   30.001853] evm: HMAC attrs: 0x1
[   30.002128]   Magic number: 1:192:872
[   30.044865] rtc_cmos rtc_cmos: setting system clock to 2017-05-03 06:52:10 UTC (1493794330)
[   30.045035] BIOS EDD facility v0.16 2004-Jun-25, 0 devices found
[   30.045035] EDD information not available.
[   30.475125] input: AT Translated Set 2 keyboard as /devices/platform/i8042/serio0/input/input2
[   36.811646] Freeing unused kernel memory: 1484K (ffffffff81f45000 - ffffffff820b8000)
[   36.849565] Write protecting the kernel read-only data: 14336k
[   36.968559] Freeing unused kernel memory: 1780K (ffff880001843000 - ffff880001a00000)
[   37.168884] Freeing unused kernel memory: 116K (ffff880001de3000 - ffff880001e00000)
Loading, please [   37.379038] random: systemd-udevd: uninitialized urandom read (16 bytes read, 7 bits of entropy available)
wait...
startin[   37.379952] random: udevadm: uninitialized urandom read (16 bytes read, 7 bits of entropy available)
g version 229
[   37.379982] random: udevadm: uninitialized urandom read (16 bytes read, 7 bits of entropy available)
[   37.380089] random: udevadm: uninitialized urandom read (16 bytes read, 7 bits of entropy available)
[   37.380122] random: udevadm: uninitialized urandom read (16 bytes read, 7 bits of entropy available)
[   37.380155] random: udevadm: uninitialized urandom read (16 bytes read, 7 bits of entropy available)
[   37.380187] random: udevadm: uninitialized urandom read (16 bytes read, 7 bits of entropy available)
[   37.380216] random: udevadm: uninitialized urandom read (16 bytes read, 7 bits of entropy available)
[   37.380247] random: udevadm: uninitialized urandom read (16 bytes read, 7 bits of entropy available)
[   37.380275] random: udevadm: uninitialized urandom read (16 bytes read, 7 bits of entropy available)
[   38.799686] Fusion MPT base driver 3.04.20
[   38.889771] Copyright (c) 1999-2008 LSI Corporation
[   38.960138] e1000: Intel(R) PRO/1000 Network Driver - version 7.3.21-k8-NAPI
[   39.125845] e1000: Copyright (c) 1999-2006 Intel Corporation.
[   39.184868] Fusion MPT SPI Host driver 3.04.20
[   39.303673] AVX version of gcm_enc/dec engaged.
[   39.478265] AES CTR mode by8 optimization enabled
[   39.643114] input: ImExPS/2 Generic Explorer Mouse as /devices/platform/i8042/serio1/input/input4
[   39.982599] e1000 0000:00:03.0 eth0: (PCI:33MHz:32-bit) 02:1c:f3:43:ad:62
[   40.145856] e1000 0000:00:03.0 eth0: Intel(R) PRO/1000 Network Connection
[   40.694956] e1000 0000:00:08.0 eth1: (PCI:33MHz:32-bit) 08:00:27:b5:88:d9
[   40.870320] e1000 0000:00:08.0 eth1: Intel(R) PRO/1000 Network Connection
[   40.948039] e1000 0000:00:08.0 enp0s8: renamed from eth1
[   40.950203] mptbase: ioc0: Initiating bringup
[   40.974383] e1000 0000:00:03.0 enp0s3: renamed from eth0
[   41.018668] ioc0: LSI53C1030 A0: Capabilities={Initiator}
[   41.191777] scsi host2: ioc0: LSI53C1030 A0, FwRev=00000000h, Ports=1, MaxQ=256, IRQ=20
[   41.303045] scsi 2:0:0:0: Direct-Access     VBOX     HARDDISK         1.0  PQ: 0 ANSI: 5
[   41.303049] scsi target2:0:0: Beginning Domain Validation
[   41.304420] scsi target2:0:0: Domain Validation skipping write tests
[   41.304421] scsi target2:0:0: Ending Domain Validation
[   41.304461] scsi target2:0:0: asynchronous
[   41.304829] scsi 2:0:1:0: Direct-Access     VBOX     HARDDISK         1.0  PQ: 0 ANSI: 5
[   41.304832] scsi target2:0:1: Beginning Domain Validation
[   41.305930] scsi target2:0:1: Domain Validation skipping write tests
[   41.305930] scsi target2:0:1: Ending Domain Validation
[   41.305963] scsi target2:0:1: asynchronous
[   41.963026] floppy0: no floppy controllers found
[   41.963065] work still pending
[   42.142040] sd 2:0:0:0: Attached scsi generic sg0 type 0
[   42.275763] sd 2:0:0:0: [sda] 20971520 512-byte logical blocks: (10.7 GB/10.0 GiB)
[   42.430604] sd 2:0:1:0: Attached scsi generic sg1 type 0
[   42.536147] sd 2:0:1:0: [sdb] 20480 512-byte logical blocks: (10.5 MB/10.0 MiB)
[   42.567533] sd 2:0:0:0: [sda] Write Protect is off
[   42.630617] sd 2:0:1:0: [sdb] Write Protect is off
[   42.631474] sd 2:0:0:0: [sda] Incomplete mode parameter data
[   42.801940] sd 2:0:0:0: [sda] Assuming drive cache: write through
[   43.026221] sd 2:0:1:0: [sdb] Incomplete mode parameter data
[   43.119750] sd 2:0:1:0: [sdb] Assuming drive cache: write through
[   43.127970]  sda: sda1
[   43.128705] sd 2:0:0:0: [sda] Attached SCSI disk
[   43.260970] sd 2:0:1:0: [sdb] Attached SCSI disk
Begin: Loading e[   44.696148] md: linear personality registered for level -1
ssential drivers[   44.857406] md: multipath personality registered for level -4
 ... [   44.993038] md: raid0 personality registered for level 0
[   45.188626] md: raid1 personality registered for level 1
[   45.362367] raid6: sse2x1   gen()  8281 MB/s
[   45.573912] raid6: sse2x1   xor()  5496 MB/s
[   45.808152] raid6: sse2x2   gen() 10480 MB/s
[   46.026195] raid6: sse2x2   xor()  7331 MB/s
[   46.222795] raid6: sse2x4   gen() 11347 MB/s
[   46.414150] raid6: sse2x4   xor()  7808 MB/s
[   46.538324] raid6: using algorithm sse2x4 gen() 11347 MB/s
[   46.662280] raid6: .... xor() 7808 MB/s, rmw enabled
[   46.784102] raid6: using ssse3x2 recovery algorithm
[   46.972232] xor: automatically using best checksumming function:
[   47.169891]    avx       : 19841.000 MB/sec
[   47.279559] async_tx: api initialized (async)
[   47.394715] md: raid6 personality registered for level 6
[   47.464860] md: raid5 personality registered for level 5
[   47.488129] md: raid4 personality registered for level 4
[   47.575263] md: raid10 personality registered for level 10
done.
Begin: Running /scripts/init-p[   47.765815] Btrfs loaded
remount ... done.
Begin: Mounting root file system ... Begin: Running /scripts/local-top ... done.
Begin: Running /scripts/local-premount ... Scanning for Btr[   47.893510] EXT4-fs (sda1): mounted filesystem with ordered data mode. Opts: (null)
fs filesystems
done.
Warning: fsck not present, so skipping root file system
done.
Begin: Running /scripts/local-bottom ... done.
Begin: Running /scripts/init-bottom ... done.
[   48.167753] systemd[1]: systemd 229 running in system mode. (+PAM +AUDIT +SELINUX +IMA +APPARMOR +SMACK +SYSVINIT +UTMP +LIBCRYPTSETUP +GCRYPT +GNUTLS +ACL +XZ -LZ4 +SECCOMP +BLKID +ELFUTILS +KMOD -IDN)
[   48.583261] systemd[1]: Detected virtualization oracle.
[   48.593359] systemd[1]: Detected architecture x86-64.

Welcome to [1mUbuntu 16.04.2 LTS[0m!

[   48.638915] systemd[1]: Set hostname to <ubuntu-xenial>.
[   48.864239] random: nonblocking pool is initialized
[   48.995676] systemd[1]: Listening on LVM2 metadata daemon socket.
[[0;32m  OK  [0m] Listening on LVM2 metadata daemon socket.
[   49.214525] systemd[1]: Listening on Journal Socket.
[[0;32m  OK  [0m] Listening on Journal Socket.
[   49.412081] systemd[1]: Listening on /dev/initctl Compatibility Named Pipe.
[[0;32m  OK  [0m] Listening on /dev/initctl Compatibility Named Pipe.
[   49.654347] systemd[1]: Listening on udev Kernel Socket.
[[0;32m  OK  [0m] Listening on udev Kernel Socket.
[   49.838919] systemd[1]: Listening on Syslog Socket.
[[0;32m  OK  [0m] Listening on Syslog Socket.
[   50.030481] systemd[1]: Listening on Device-mapper event daemon FIFOs.
[[0;32m  OK  [0m] Listening on Device-mapper event daemon FIFOs.
[   50.307051] systemd[1]: Created slice System Slice.
[[0;32m  OK  [0m] Created slice System Slice.
[   50.514111] systemd[1]: Starting Nameserver information manager...
         Starting Nameserver information manager...
[   50.746117] systemd[1]: Starting Create list of required static device nodes for the current kernel...
         Starting Create list of required st... nodes for the current kernel...
[   51.006129] systemd[1]: Mounting Huge Pages File System...
         Mounting Huge Pages File System...
[   51.214755] systemd[1]: Mounting POSIX Message Queue File System...
         Mounting POSIX Message Queue File System...
[   51.462216] systemd[1]: Starting Load Kernel Modules...
         Starting Load Ke[   51.618556] Loading iSCSI transport class v2.0-870.
rnel Modules...[   51.810159] iscsi: registered transport (tcp)

[   51.846110] systemd[1]: Starting Monitoring of LVM2 mirrors, snapshots etc. using dmeventd or progress polling...
         Starting Monitor[   52.043182] iscsi: registered transport (iser)
ing of LVM2 mirrors... dmeventd or progress polling...
[   52.250430] systemd[1]: Reached target Encrypted Volumes.
[[0;32m  OK  [0m] Reached target Encrypted Volumes.
[   52.426944] systemd[1]: Created slice User and Session Slice.
[[0;32m  OK  [0m] Created slice User and Session Slice.
[   52.674328] systemd[1]: Starting Set console keymap...
         Starting Set console keymap...
[   52.882210] systemd[1]: Starting Remount Root and Kernel File Systems...
         [   52.954550] EXT4-fs (sda1): re-mounted. Opts: (null)
Starting Remount Root and Kernel File Systems...
[   53.106711] systemd[1]: Listening on Journal Audit Socket.
[[0;32m  OK  [0m] Listening on Journal Audit Socket.
[   53.298671] systemd[1]: Reached target User and Group Name Lookups.
[[0;32m  OK  [0m] Reached target User and Group Name Lookups.
[   53.416981] systemd[1]: Listening on udev Control Socket.
[[0;32m  OK  [0m] Listening on udev Control Socket.
[   53.534849] systemd[1]: Set up automount Arbitrary Executable File Formats File System Automount Point.
[[0;32m  OK  [0m] Set up automount Arbitrary Executab...ats File System Automount Point.
[   53.654487] systemd[1]: Listening on LVM2 poll daemon socket.
[[0;32m  OK  [0m] Listening on LVM2 poll daemon socket.
[   53.882688] systemd[1]: Reached target Swap.
[[0;32m  OK  [0m] Reached target Swap.
[   54.022053] systemd[1]: Mounting Debug File System...
         Mounting Debug File System...
[   54.026436] systemd[1]: Started Forward Password Requests to Wall Directory Watch.
[[0;32m  OK  [0m] Started Forward Password Requests to Wall Directory Watch.
[   54.106169] systemd[1]: Starting Uncomplicated firewall...
         Starting Uncomplicated firewall...
[   54.295834] systemd[1]: Listening on Journal Socket (/dev/log).
[[0;32m  OK  [0m] Listening on Journal Socket (/dev/log).
[   54.534490] systemd[1]: Starting Journal Service...
         Starting Journal Service...
[   54.703090] systemd[1]: Created slice system-serial\x2dgetty.slice.
[[0;32m  OK  [0m] Created slice system-serial\x2dgetty.slice.
[   54.938455] systemd[1]: Reached target Slices.
[[0;32m  OK  [0m] Reached target Slices.
[   55.103015] systemd[1]: Mounted Debug File System.
[[0;32m  OK  [0m] Mounted Debug File System.
[   55.242307] systemd[1]: Mounted Huge Pages File System.
[[0;32m  OK  [0m] Mounted Huge Pages File System.
[   55.446902] systemd[1]: Mounted POSIX Message Queue File System.
[[0;32m  OK  [0m] Mounted POSIX Message Queue File System.
[   55.678454] systemd[1]: Started Journal Service.
[[0;32m  OK  [0m] Started Journal Service.
[[0;32m  OK  [0m] Started Create list of required sta...ce nodes for the current kernel.
[[0;32m  OK  [0m] Started Load Kernel Modules.
[[0;32m  OK  [0m] Started Set console keymap.
[[0;32m  OK  [0m] Started Remount Root and Kernel File Systems.
[[0;32m  OK  [0m] Started Uncomplicated firewall.
[[0;32m  OK  [0m] Started Nameserver information manager.
[[0;32m  OK  [0m] Started LVM2 metadata daemon.
         Starting Initial cloud-init job (pre-networking)...
         Starting Load/Save Random Seed...
         Starting udev Coldplug all Devices...
         Mounting FUSE Control File System...
         Starting Apply Kernel Variables...
         Starting Create Static Device Nodes in /dev...
         Starting Flush Journal to Persistent Storage...
[[0;32m  OK  [0m] Mounted FUSE Control File System.
[[0;32m  OK  [0m] Started Load/Save Random Seed.
[[0;32m  OK  [0m] Started Apply Kernel Variables.
[[0;32m  OK  [0m] Started Create Static Device Nodes in /dev.
[[0;32m  OK  [0m] Started udev Coldplug all Devices.
[[0;32m  OK  [0m] Started Flush Journal to Persistent Storage.
         Starting udev Kernel Device Manager...
[[0;32m  OK  [0m] Started udev Kernel Device Manager.
[[0;32m  OK  [0m] Started Dispatch Password Requests to Console Directory Watch.
[[0;32m  OK  [0m] Started Monitoring of LVM2 mirrors,...ng dmeventd or progress polling.
[[0;32m  OK  [0m] Found device /dev/ttyS0.
[[0;32m  OK  [0m] Reached target Local File Systems (Pre).
[[0;32m  OK  [0m] Reached target Local File Systems.
         Starting Create Volatile Files and Directories...
[   33.927432] cloud-init[442]: Cloud-init v. 0.7.9 running 'init-local' at Wed, 03 May 2017 06:52:37 +0000. Up 33.67 seconds.
         Starting Tell Plymouth To Write Out Runtime Data...
         Starting LSB: AppArmor initialization...
         Starting Set console font and keymap...
[[0;32m  OK  [0m] Started Create Volatile Files and Directories.
[[0;32m  OK  [0m] Started Tell Plymouth To Write Out Runtime Data.
[[0;32m  OK  [0m] Started Set console font and keymap.
[[0;32m  OK  [0m] Started Initial cloud-init job (pre-networking).
[[0;32m  OK  [0m] Listening on Load/Save RF Kill Switch Status /dev/rfkill Watch.
[[0;32m  OK  [0m] Reached target Network (Pre).
[[0;32m  OK  [0m] Created slice system-getty.slice.
         Starting Update UTMP about System Boot/Shutdown...
[[0;32m  OK  [0m] Reached target System Time Synchronized.
[[0;32m  OK  [0m] Started LSB: AppArmor initialization.
[[0;32m  OK  [0m] Started ifup for enp0s3.
         Starting Raise network interfaces...
[[0;32m  OK  [0m] Started ifup for enp0s8.
[[0;32m  OK  [0m] Started Update UTMP about System Boot/Shutdown.
[[0;32m  OK  [0m] Started Raise network interfaces.
         Starting Initial cloud-init job (metadata service crawler)...
[[0;32m  OK  [0m] Reached target Network.
[   37.197505] cloud-init[1045]: Cloud-init v. 0.7.9 running 'init' at Wed, 03 May 2017 06:52:40 +0000. Up 36.97 seconds.
[   37.284443] [cloud-init[0;32m  OK  [0m[1045]: ] ci-info: ++++++++++++++++++++++++++++++++++++++Net device info++++++++++++++++++++++++++++++++++++++Started Initial cloud-init job (metadata service crawler).

[   37.284863] cloud-init[1045]: ci-info: +--------+------+-----------------------------+---------------+-------+-------------------+
[   37.508416] [cloud-init[0;32m  OK  [0m[1045]: ] ci-info: | Device |  Up  |           Address           |      Mask     | Scope |     Hw-Address    |Reached target System Initialization.

[[0;32m  OK  [0m] Listening on D-Bus System Message Bus Socket.
[   37.508865] cloud-init[1045]: ci-info: +--------+------+-----------------------------+---------------+-------+-------------------+
[   37.868568] cloud-init[1045]: ci-info: | enp0s3 | True |          10.0.2.15          | 255.255.255.0 |   .   | 02:1c:f3:43:ad:62 |
         Starting LXD - unix socket.
[[0;32m  OK  [0m] Started Daily Cleanup of Temporary Directories.
[   37.869517] cloud-init[1045]: ci-info: | enp0s3 | True |  fe80::1c:f3ff:fe43:ad62/64 |       .       |  link | 02:1c:f3:43:ad:62 |
[   38.224732] [cloud-init[0;32m  OK  [0m[1045]: ] ci-info: |   lo   | True |          127.0.0.1          |   255.0.0.0   |   .   |         .         |Started Daily apt activities.

         Starting Socket activation for snappy daemon.
[   38.225340] cloud-init[1045]: ci-info: |   lo   | True |           ::1/128           |       .       |  host |         .         |
[   38.501022] [cloud-init[1045]: ci-info: | enp0s8 | True |         10.100.10.12        | 255.255.255.0 |   .   | 08:00:27:b5:88:d9 |
[0;32m  OK  [0m] Started ACPI Events Check.
[[0;32m  OK  [0m] Started Timer to automatically refresh installed snaps.
[[0;32m  OK  [0m] Reached target Timers.
[   38.501540] cloud-init[1045]: ci-info: | enp0s8 | True | fe80::a00:27ff:feb5:88d9/64 |       .       |  link | 08:00:27:b5:88:d9 |
[   38.888517]          cloud-initStarting Docker Socket for the API.[1045]: 
ci-info: +--------+------+-----------------------------+---------------+-------+-------------------+
[   39.024731] [cloud-init[0;32m  OK  [0m[1045]: ] ci-info: +++++++++++++++++++++++++++Route IPv4 info++++++++++++++++++++++++++++Started Trigger resolvconf update for networkd DNS.

[[0;32m  OK  [0m] Reached target Paths.
[[0;32m  OK  [0m] Listening on UUID daemon activation socket.
[   39.025279] cloud-init[1045]: ci-info: +-------+-------------+----------+---------------+-----------+-------+
[   39.412644] cloud-init[1045]: ci-info: | Route | Destination | Gateway  |    Genmask    | Interface | Flags |
[[0;32m  OK  [0m] Listening on ACPID Listen Socket.
[[0;32m  OK  [0m] Reached target Cloud-config availability.
[[0;32m  OK  [0m] Reached target Network is Online.
[   39.413354] cloud-init[1045]: ci-info: +-------+-------------+----------+---------------+-----------+-------+
[   39.514497] cloud-init[1045]: ci-info: |   0   |   0.0.0.0   | 10.0.2.2 |    0.0.0.0    |   enp0s3  |   UG  |
[   39.608368]          cloud-initStarting iSCSI initiator daemon (iscsid)...[1045]: 
ci-info: |   1   |   10.0.2.0  | 0.0.0.0  | 255.255.255.0 |   enp0s3  |   U   |
[   39.760775] [cloud-init[0;32m  OK  [0m[1045]: ] ci-info: |   2   | 10.100.10.0 | 0.0.0.0  | 255.255.255.0 |   enp0s8  |   U   |Listening on LXD - unix socket.

[[0;32m  OK  [0m] Listening on Socket activation for snappy daemon.
[[0;32m  OK  [0m] Listening on Docker Socket for the API.
[   39.761432] cloud-init[1045]: ci-info: +-------+-------------+----------+---------------+-----------+-------+
[[0;32m  OK  [0m] Reached target Sockets.
[[0;32m  OK  [0m] Reached target Basic System.
         Starting System Logging Service...
[[0;32m  OK  [0m] Started Snappy daemon.
         Starting Docker Application Container Engine...
         Starting Auto import assertions from block devices...
[[0;32m  OK  [0m] Started Regular background program processing daemon.
         Starting LSB: MD monitoring daemon...
         Starting LSB: Record successful boot for GRUB...
         Starting Accounts Service...
[[0;32m  OK  [0m] Started D-Bus System Message Bus.
[[0;32m  OK  [0m] Started Deferred execution scheduler.
[[0;32m  OK  [0m] Started FUSE filesystem for LXC.
         Starting /etc/rc.local Compatibility...
         Starting OpenBSD Secure Shell server...
         Starting Login Service...
[[0;32m  OK  [0m] Started ACPI event daemon.
         Starting Apply the settings specified in cloud-config...
         Starting LXD - container startup/shutdown...
[[0;32m  OK  [0m] Started System Logging Service.
[[0;32m  OK  [0m] Started OpenBSD Secure Shell server.
[[0;32m  OK  [0m] Started iSCSI initiator daemon (iscsid).
[[0;32m  OK  [0m] Started Auto import assertions from block devices.
[[0;32m  OK  [0m] Started /etc/rc.local Compatibility.
[[0;32m  OK  [0m] Started LXD - container startup/shutdown.
[[0;32m  OK  [0m] Started LSB: MD monitoring daemon.
[[0;32m  OK  [0m] Started LSB: Record successful boot for GRUB.
         Starting Authenticate and Authorize Users to Run Privileged Tasks...
         Starting Login to default iSCSI targets...
[[0;32m  OK  [0m] Started Login Service.
[[0;32m  OK  [0m] Started Authenticate and Authorize Users to Run Privileged Tasks.
[   40.979805] cloud-init[1163]: Cloud-init v. 0.7.9 running 'modules:config' at Wed, 03 May 2017 06:52:44 +0000. Up 40.88 seconds.
[[0;32m  OK  [0m] Started Accounts Service.
[[0;32m  OK  [0m] Started Apply the settings specified in cloud-config.
[[0;32m  OK  [0m] Started Login to default iSCSI targets.
[[0;32m  OK  [0m] Reached target Remote File Systems (Pre).
[[0;32m  OK  [0m] Reached target Remote File Systems.
         Starting LSB: daemon to balance interrupts for SMP systems...
         Starting Permit User Sessions...
         Starting LSB: Set the CPU Frequency Scaling governor to "ondemand"...
         Starting LSB: VirtualBox Linux Additions...
         Starting LSB: automatic crash report generation...
         Starting LSB: Set up cgroupfs mounts....
[[0;32m  OK  [0m] Started Permit User Sessions.
[[0;32m  OK  [0m] Started LSB: Set up cgroupfs mounts..
[[0;32m  OK  [0m] Created slice User Slice of ubuntu.
         Starting User Manager for UID 1000...
[[0;32m  OK  [0m] Started Session 1 of user ubuntu.
         Starting Terminate Plymouth Boot Screen...
         Starting Hold until boot process finishes up...
[[0;32m  OK  [0m] Started User Manager for UID 1000.
[[0;32m  OK  [0m] Started LSB: daemon to balance interrupts for SMP systems.
[[0;32m  OK  [0m] Started LSB: Set the CPU Frequency Scaling governor to "ondemand".
[[0;32m  OK  [0m] Started LSB: VirtualBox Linux Additions.
[[0;32m  OK  [0m] Started LSB: automatic crash report generation.
[[0;32m  OK  [0m] Started Terminate Plymouth Boot Screen.
[[0;32m  OK  [0m] Started Hold until boot process finishes up.
[[0;32m  OK  [0m] Started Docker Application Container Engine.
[[0;32m  OK  [0m] Started Serial Getty on ttyS0.
[[0;32m  OK  [0m] Started Getty on tty1.
[[0;32m  OK  [0m] Reached target Login Prompts.
         Starting Set console scheme...
[[0;32m  OK  [0m] Reached target Multi-User System.
         Starting Execute cloud user/final scripts...
[[0;32m  OK  [0m] Reached target Graphical Interface.
         Starting Update UTMP about System Runlevel Changes...
[[0;32m  OK  [0m] Started Set console scheme.
[[0;32m  OK  [0m] Started Update UTMP about System Runlevel Changes.
[   42.887374] cloud-init[1511]: Cloud-init v. 0.7.9 running 'modules:final' at Wed, 03 May 2017 06:52:46 +0000. Up 42.76 seconds.
[[0;32m  OK  [0m] Started Execute cloud user/final scripts.
[   42.989548] cloud-init[1511]: Cloud-init v. 0.7.9 finished at Wed, 03 May 2017 06:52:46 +0000. Datasource DataSourceNoCloud [seed=/dev/sdb][dsmode=net].  Up 42.88 seconds
[[0;32m  OK  [0m] Reached target Cloud-init target.

Ubuntu 16.04.2 LTS ubuntu-xenial ttyS0

ubuntu-xenial login: 